# JRE version: OpenJDK Runtime Environment Temurin-17.0.1+12 (17.0.1+12) (build 17.0.1+12)
# Java VM: OpenJDK 64-Bit Server VM Temurin-17.0.1+12 (17.0.1+12, mixed mode, sharing, tiered, compressed oops, compressed class ptrs, g1 gc, windows-amd64)
GC Precious Log:
 CPUs: 4 total, 4 available
 Memory: 8083M
 Large Page Support: Disabled
 NUMA Support: Disabled
 Compressed Oops: Enabled (32-bit)
 Heap Region Size: 1M
 Heap Min Capacity: 8M
 Heap Initial Capacity: 128M
 Heap Max Capacity: 2022M
 Pre-touch: Disabled
 Parallel Workers: 4
 Concurrent Workers: 1
 Concurrent Refinement Workers: 4
 Periodic GC: Disabled
Heap:
 garbage-first heap   total 112640K, used 53113K [0x0000000081a00000, 0x0000000100000000)
  region size 1024K, 1 young (1024K), 1 survivors (1024K)
 Metaspace       used 59766K, committed 60160K, reserved 1105920K
  class space    used 8041K, committed 8256K, reserved 1048576K
GC Heap History (20 events):
Event: 17.382 GC heap after
{Heap after GC invocations=18 (full 0):
 garbage-first heap   total 75776K, used 32307K [0x0000000081a00000, 0x0000000100000000)
  region size 1024K, 3 young (3072K), 3 survivors (3072K)
 Metaspace       used 56641K, committed 57024K, reserved 1097728K
  class space    used 7682K, committed 7872K, reserved 1048576K
}
Event: 18.846 GC heap before
{Heap before GC invocations=18 (full 0):
 garbage-first heap   total 75776K, used 58931K [0x0000000081a00000, 0x0000000100000000)
  region size 1024K, 29 young (29696K), 3 survivors (3072K)
 Metaspace       used 58188K, committed 58624K, reserved 1105920K
  class space    used 7846K, committed 8064K, reserved 1048576K
}
Event: 18.857 GC heap after
{Heap after GC invocations=19 (full 0):
 garbage-first heap   total 75776K, used 36608K [0x0000000081a00000, 0x0000000100000000)
  region size 1024K, 4 young (4096K), 4 survivors (4096K)
 Metaspace       used 58188K, committed 58624K, reserved 1105920K
  class space    used 7846K, committed 8064K, reserved 1048576K
}
Event: 19.051 GC heap before
{Heap before GC invocations=19 (full 0):
 garbage-first heap   total 75776K, used 57088K [0x0000000081a00000, 0x0000000100000000)
  region size 1024K, 25 young (25600K), 4 survivors (4096K)
 Metaspace       used 58237K, committed 58688K, reserved 1105920K
  class space    used 7849K, committed 8064K, reserved 1048576K
}
Event: 19.061 GC heap after
{Heap after GC invocations=20 (full 0):
 garbage-first heap   total 75776K, used 42592K [0x0000000081a00000, 0x0000000100000000)
  region size 1024K, 4 young (4096K), 4 survivors (4096K)
 Metaspace       used 58237K, committed 58688K, reserved 1105920K
  class space    used 7849K, committed 8064K, reserved 1048576K
}
Event: 19.439 GC heap before
{Heap before GC invocations=20 (full 0):
 garbage-first heap   total 75776K, used 49760K [0x0000000081a00000, 0x0000000100000000)
  region size 1024K, 12 young (12288K), 4 survivors (4096K)
 Metaspace       used 58331K, committed 58752K, reserved 1105920K
  class space    used 7858K, committed 8064K, reserved 1048576K
}
Event: 19.447 GC heap after
{Heap after GC invocations=21 (full 0):
 garbage-first heap   total 95232K, used 45537K [0x0000000081a00000, 0x0000000100000000)
  region size 1024K, 3 young (3072K), 3 survivors (3072K)
 Metaspace       used 58331K, committed 58752K, reserved 1105920K
  class space    used 7858K, committed 8064K, reserved 1048576K
}
Event: 19.896 GC heap before
{Heap before GC invocations=22 (full 0):
 garbage-first heap   total 96256K, used 66017K [0x0000000081a00000, 0x0000000100000000)
  region size 1024K, 23 young (23552K), 3 survivors (3072K)
 Metaspace       used 58366K, committed 58752K, reserved 1105920K
  class space    used 7858K, committed 8064K, reserved 1048576K
}
Event: 19.904 GC heap after
{Heap after GC invocations=23 (full 0):
 garbage-first heap   total 96256K, used 49595K [0x0000000081a00000, 0x0000000100000000)
  region size 1024K, 3 young (3072K), 3 survivors (3072K)
 Metaspace       used 58366K, committed 58752K, reserved 1105920K
  class space    used 7858K, committed 8064K, reserved 1048576K
}
Event: 20.204 GC heap before
{Heap before GC invocations=23 (full 0):
 garbage-first heap   total 96256K, used 69051K [0x0000000081a00000, 0x0000000100000000)
  region size 1024K, 23 young (23552K), 3 survivors (3072K)
 Metaspace       used 58392K, committed 58816K, reserved 1105920K
  class space    used 7858K, committed 8064K, reserved 1048576K
}
Event: 20.213 GC heap after
{Heap after GC invocations=24 (full 0):
 garbage-first heap   total 96256K, used 55748K [0x0000000081a00000, 0x0000000100000000)
  region size 1024K, 3 young (3072K), 3 survivors (3072K)
 Metaspace       used 58392K, committed 58816K, reserved 1105920K
  class space    used 7858K, committed 8064K, reserved 1048576K
}
Event: 20.472 GC heap before
{Heap before GC invocations=25 (full 0):
 garbage-first heap   total 112640K, used 71108K [0x0000000081a00000, 0x0000000100000000)
  region size 1024K, 19 young (19456K), 3 survivors (3072K)
 Metaspace       used 58414K, committed 58816K, reserved 1105920K
  class space    used 7858K, committed 8064K, reserved 1048576K
}
Event: 20.481 GC heap after
{Heap after GC invocations=26 (full 0):
 garbage-first heap   total 112640K, used 57952K [0x0000000081a00000, 0x0000000100000000)
  region size 1024K, 3 young (3072K), 3 survivors (3072K)
 Metaspace       used 58414K, committed 58816K, reserved 1105920K
  class space    used 7858K, committed 8064K, reserved 1048576K
}
Event: 20.488 GC heap before
{Heap before GC invocations=26 (full 0):
 garbage-first heap   total 112640K, used 60000K [0x0000000081a00000, 0x0000000100000000)
  region size 1024K, 5 young (5120K), 3 survivors (3072K)
 Metaspace       used 58414K, committed 58816K, reserved 1105920K
  class space    used 7858K, committed 8064K, reserved 1048576K
}
Event: 20.494 GC heap after
{Heap after GC invocations=27 (full 0):
 garbage-first heap   total 112640K, used 52779K [0x0000000081a00000, 0x0000000100000000)
  region size 1024K, 1 young (1024K), 1 survivors (1024K)
 Metaspace       used 58414K, committed 58816K, reserved 1105920K
  class space    used 7858K, committed 8064K, reserved 1048576K
}
Event: 21.448 GC heap before
{Heap before GC invocations=27 (full 0):
 garbage-first heap   total 112640K, used 79403K [0x0000000081a00000, 0x0000000100000000)
  region size 1024K, 28 young (28672K), 1 survivors (1024K)
 Metaspace       used 58610K, committed 59072K, reserved 1105920K
  class space    used 7895K, committed 8128K, reserved 1048576K
}
Event: 21.458 GC heap after
{Heap after GC invocations=28 (full 0):
 garbage-first heap   total 112640K, used 59803K [0x0000000081a00000, 0x0000000100000000)
  region size 1024K, 4 young (4096K), 4 survivors (4096K)
 Metaspace       used 58610K, committed 59072K, reserved 1105920K
  class space    used 7895K, committed 8128K, reserved 1048576K
}
Event: 22.817 GC heap before
{Heap before GC invocations=29 (full 0):
 garbage-first heap   total 112640K, used 78235K [0x0000000081a00000, 0x0000000100000000)
  region size 1024K, 27 young (27648K), 4 survivors (4096K)
 Metaspace       used 59681K, committed 60096K, reserved 1105920K
  class space    used 8029K, committed 8256K, reserved 1048576K
}
Event: 22.831 GC heap after
{Heap after GC invocations=30 (full 0):
 garbage-first heap   total 112640K, used 58781K [0x0000000081a00000, 0x0000000100000000)
  region size 1024K, 4 young (4096K), 4 survivors (4096K)
 Metaspace       used 59681K, committed 60096K, reserved 1105920K
  class space    used 8029K, committed 8256K, reserved 1048576K
}
Event: 22.866 GC heap before
{Heap before GC invocations=30 (full 0):
 garbage-first heap   total 112640K, used 58781K [0x0000000081a00000, 0x0000000100000000)
  region size 1024K, 5 young (5120K), 4 survivors (4096K)
 Metaspace       used 59766K, committed 60160K, reserved 1105920K
  class space    used 8041K, committed 8256K, reserved 1048576K
}

